ready for input
          inet addr:172.28.141.17  Bcast:172.28.143.255  Mask:255.255.252.0

pressed = 1
bbb_run() called for the 1time
connected to remote socket
manikin inputs:
{ type: 'non_prof',
  username: 'David Mandelbaum',
  add_to_group: 'no',
  group_name: '547b6f5a4b90510b001a411b',
  mins: '0',
  secs: '30',
  capno: '25' }
starting script
time
30
inputs: [object Object]
starting pyshell
{ begin: 'true' }
begin; trial time = 30
{ data_points: '[[0.0001, 0.16]]' }
data_points: [[0.0001, 0.16]]
{ data_points: '[]' }
data_points: []
{ data_points: '[]' }
data_points: []
{ data_points: '[]' }
data_points: []
{ data_points: '[]' }
data_points: []
{ data_points: '[]' }
data_points: []
{ data_points: '[]' }
data_points: []
{ data_points: '[]' }
data_points: []
{ data_points: '[]' }
data_points: []
{ status_msg: { capno: 25, rate: 0, depth: 0, time: 0.9605 } }
status:  { capno: 25, rate: 0, depth: 0, time: 0.9605 }
{ data_points: '[[1.0298, 0.16]]' }
data_points: [[1.0298, 0.16]]
{ data_points: '[]' }
data_points: []
{ data_points: '[]' }
data_points: []
{ data_points: '[[1.2993, 0.23], [1.359, 1.14]]' }
data_points: [[1.2993, 0.23], [1.359, 1.14]]
{ data_points: '[[1.4138, 1.52], [1.4695, 1.98]]' }
data_points: [[1.4138, 1.52], [1.4695, 1.98]]
{ data_points: '[[1.5224, 3.4], [1.5801, 4.22]]' }
data_points: [[1.5224, 3.4], [1.5801, 4.22]]
{ data_points: '[[1.6327, 4.33], [1.6862, 4.2]]' }
data_points: [[1.6327, 4.33], [1.6862, 4.2]]
{ data_points: '[[1.7394, 3.13], [1.7971, 2.52]]' }
data_points: [[1.7394, 3.13], [1.7971, 2.52]]
{ data_points: '[[1.8508, 2.42]]' }
data_points: [[1.8508, 2.42]]
{ status_msg: 
   { capno: 24.891063999999997,
     rate: 65,
     depth: 2.245,
     time: 1.9574 } }
status:  { capno: 24.891063999999997,
  rate: 65,
  depth: 2.245,
  time: 1.9574 }
{ data_points: '[[1.9574, 1.9]]' }
data_points: [[1.9574, 1.9]]
{ data_points: '[]' }
data_points: []
{ data_points: '[[2.2478, 2.76]]' }
data_points: [[2.2478, 2.76]]
{ data_points: '[[2.3559, 3.15]]' }
data_points: [[2.3559, 3.15]]
{ data_points: '[[2.4088, 3.31]]' }
data_points: [[2.4088, 3.31]]
{ data_points: '[[2.571, 3.2]]' }
data_points: [[2.571, 3.2]]
{ data_points: '[[2.6242, 2.23], [2.6779, 0.79]]' }
data_points: [[2.6242, 2.23], [2.6779, 0.79]]
{ data_points: '[[2.7311, 0.16]]' }
data_points: [[2.7311, 0.16]]
{ data_points: '[]' }
data_points: []
{ status_msg: { capno: 24.642013999999985, rate: 66, depth: 2.6, time: 2.9468 } }
status:  { capno: 24.642013999999985, rate: 66, depth: 2.6, time: 2.9468 }
{ data_points: '[[2.9468, 0.53], [3.0118, 1.75]]' }
data_points: [[2.9468, 0.53], [3.0118, 1.75]]
{ data_points: '[]' }
data_points: []
{ data_points: '[[3.1751, 2.09], [3.2287, 3.58]]' }
data_points: [[3.1751, 2.09], [3.2287, 3.58]]
{ data_points: '[[3.3386, 3.08]]' }
data_points: [[3.3386, 3.08]]
{ data_points: '[[3.392, 2.04], [3.4445, 0.16]]' }
data_points: [[3.392, 2.04], [3.4445, 0.16]]
{ data_points: '[]' }
data_points: []
{ data_points: '[[3.6544, 1.76]]' }
data_points: [[3.6544, 1.76]]
{ data_points: '[[3.7072, 3.02], [3.7598, 3.19]]' }
data_points: [[3.7072, 3.02], [3.7598, 3.19]]
{ data_points: '[[3.8119, 3.68], [3.8645, 3.78]]' }
data_points: [[3.8119, 3.68], [3.8645, 3.78]]
{ status_msg: 
   { capno: 24.370169590798387,
     rate: 62,
     depth: 2.845,
     time: 3.9167 } }
status:  { capno: 24.370169590798387,
  rate: 62,
  depth: 2.845,
  time: 3.9167 }
{ data_points: '[[3.9167, 2.89], [3.9782, 0.62]]' }
data_points: [[3.9167, 2.89], [3.9782, 0.62]]
{ data_points: '[[4.0317, 0.16]]' }
data_points: [[4.0317, 0.16]]
{ data_points: '[]' }
data_points: []
{ data_points: '[[4.2498, 1.88], [4.3058, 3.84]]' }
data_points: [[4.2498, 1.88], [4.3058, 3.84]]
{ data_points: '[[4.3589, 4.33], [4.4152, 3.69]]' }
data_points: [[4.3589, 4.33], [4.4152, 3.69]]
{ data_points: '[[4.4685, 2.54], [4.5253, 0.16]]' }
data_points: [[4.4685, 2.54], [4.5253, 0.16]]
{ data_points: '[]' }
data_points: []
{ data_points: '[[4.7438, 1.16]]' }
data_points: [[4.7438, 1.16]]
{ data_points: '[[4.7971, 3.02], [4.8531, 4.34]]' }
data_points: [[4.7971, 3.02], [4.8531, 4.34]]
{ status_msg: 
   { capno: 24.281463448047816,
     rate: 74,
     depth: 3.248,
     time: 4.9069 } }
status:  { capno: 24.281463448047816,
  rate: 74,
  depth: 3.248,
  time: 4.9069 }
{ data_points: '[[4.9069, 3.88], [4.9803, 2.35]]' }
data_points: [[4.9069, 3.88], [4.9803, 2.35]]
{ data_points: '[[5.0334, 0.16]]' }
data_points: [[5.0334, 0.16]]
{ data_points: '[]' }
data_points: []
{ data_points: '[[5.2592, 1.52], [5.3178, 3.37]]' }
data_points: [[5.2592, 1.52], [5.3178, 3.37]]
{ data_points: '[[5.371, 4.5], [5.4296, 4.26]]' }
data_points: [[5.371, 4.5], [5.4296, 4.26]]
{ data_points: '[[5.483, 3.19], [5.5427, 1.8]]' }
data_points: [[5.483, 3.19], [5.5427, 1.8]]
{ data_points: '[[5.5959, 0.16]]' }
data_points: [[5.5959, 0.16]]
{ data_points: '[[5.7679, 0.89]]' }
data_points: [[5.7679, 0.89]]
{ status_msg: 
   { capno: 24.344059969117417,
     rate: 82,
     depth: 3.541,
     time: 5.8822 } }
status:  { capno: 24.344059969117417,
  rate: 82,
  depth: 3.541,
  time: 5.8822 }
{ data_points: '[[5.8217, 2.76], [5.8822, 3.89]]' }
data_points: [[5.8217, 2.76], [5.8822, 3.89]]
{ data_points: '[[5.9759, 3.77], [6.0313, 2.81]]' }
data_points: [[5.9759, 3.77], [6.0313, 2.81]]
{ data_points: '[[6.085, 1.23], [6.1393, 0.16]]' }
data_points: [[6.085, 1.23], [6.1393, 0.16]]
{ data_points: '[]' }
data_points: []
{ data_points: '[[6.3199, 1.48], [6.3845, 4.04]]' }
data_points: [[6.3199, 1.48], [6.3845, 4.04]]
{ data_points: '[[6.4451, 4.54], [6.5034, 3.61]]' }
data_points: [[6.4451, 4.54], [6.5034, 3.61]]
{ data_points: '[[6.5571, 1.94], [6.6149, 0.16]]' }
data_points: [[6.5571, 1.94], [6.6149, 0.16]]
{ data_points: '[]' }
data_points: []
{ status_msg: { capno: 24.352481077147335, rate: 94, depth: 4.067, time: 6.841 } }
status:  { capno: 24.352481077147335, rate: 94, depth: 4.067, time: 6.841 }
{ data_points: '[[6.7885, 0.58], [6.841, 2.16]]' }
data_points: [[6.7885, 0.58], [6.841, 2.16]]
{ data_points: '[[6.8981, 3.93], [6.9508, 4.81]]' }
data_points: [[6.8981, 3.93], [6.9508, 4.81]]
{ data_points: '[[7.0575, 3.64]]' }
data_points: [[7.0575, 3.64]]
{ data_points: '[[7.114, 1.91], [7.1682, 0.16]]' }
data_points: [[7.114, 1.91], [7.1682, 0.16]]
{ data_points: '[]' }
data_points: []
{ data_points: '[[7.3388, 0.75], [7.4007, 2.71]]' }
data_points: [[7.3388, 0.75], [7.4007, 2.71]]
{ data_points: '[[7.4564, 4.46], [7.5152, 4.63]]' }
data_points: [[7.4564, 4.46], [7.5152, 4.63]]
{ data_points: '[[7.5685, 4.24], [7.6296, 2.89]]' }
data_points: [[7.5685, 4.24], [7.6296, 2.89]]
{ data_points: '[[7.6834, 0.95], [7.7439, 0.16]]' }
data_points: [[7.6834, 0.95], [7.7439, 0.16]]
{ status_msg: 
   { capno: 24.480615246392325,
     rate: 100,
     depth: 4.171,
     time: 7.7975 } }
status:  { capno: 24.480615246392325,
  rate: 100,
  depth: 4.171,
  time: 7.7975 }
{ data_points: '[[7.8786, 0.68]]' }
data_points: [[7.8786, 0.68]]
{ data_points: '[[7.9325, 2.53], [7.9902, 4.84]]' }
data_points: [[7.9325, 2.53], [7.9902, 4.84]]
{ data_points: '[[8.0448, 5.35], [8.0996, 4.53]]' }
data_points: [[8.0448, 5.35], [8.0996, 4.53]]
{ data_points: '[[8.1579, 2.51], [8.219, 0.16]]' }
data_points: [[8.1579, 2.51], [8.219, 0.16]]
{ data_points: '[]' }
data_points: []
{ data_points: '[[8.3883, 1.24], [8.4477, 3.32]]' }
data_points: [[8.3883, 1.24], [8.4477, 3.32]]
{ data_points: '[[8.5016, 4.82], [8.5603, 4.89]]' }
data_points: [[8.5016, 4.82], [8.5603, 4.89]]
{ data_points: '[[8.6145, 4.12], [8.6746, 2.36]]' }
data_points: [[8.6145, 4.12], [8.6746, 2.36]]
{ status_msg: 
   { capno: 24.659517711914916,
     rate: 110,
     depth: 4.422,
     time: 8.7858 } }
status:  { capno: 24.659517711914916,
  rate: 110,
  depth: 4.422,
  time: 8.7858 }
{ data_points: '[[8.7284, 0.16]]' }
data_points: [[8.7284, 0.16]]
{ data_points: '[[8.9121, 1.25]]' }
data_points: [[8.9121, 1.25]]
{ data_points: '[[8.966, 3.29], [9.0228, 5.26]]' }
data_points: [[8.966, 3.29], [9.0228, 5.26]]
{ data_points: '[[9.0766, 5.33], [9.1331, 4.15]]' }
data_points: [[9.0766, 5.33], [9.1331, 4.15]]
{ data_points: '[[9.1871, 2.2], [9.2422, 0.16]]' }
data_points: [[9.1871, 2.2], [9.2422, 0.16]]
{ data_points: '[]' }
data_points: []
{ data_points: '[[9.4611, 2.2]]' }
data_points: [[9.4611, 2.2]]
{ data_points: '[[9.5153, 4.8], [9.5699, 5.71]]' }
data_points: [[9.5153, 4.8], [9.5699, 5.71]]
{ data_points: '[[9.6235, 4.43], [9.6961, 2.54]]' }
data_points: [[9.6235, 4.43], [9.6961, 2.54]]
{ status_msg: 
   { capno: 24.81548446730496,
     rate: 120,
     depth: 4.675,
     time: 9.7497 } }
status:  { capno: 24.81548446730496,
  rate: 120,
  depth: 4.675,
  time: 9.7497 }
{ data_points: '[[9.7497, 0.16]]' }
data_points: [[9.7497, 0.16]]
{ data_points: '[[9.9489, 1.89]]' }
data_points: [[9.9489, 1.89]]
{ data_points: '[[10.0026, 4.22], [10.0608, 5.48]]' }
data_points: [[10.0026, 4.22], [10.0608, 5.48]]
{ data_points: '[[10.1147, 4.8], [10.1697, 3.03]]' }
data_points: [[10.1147, 4.8], [10.1697, 3.03]]
{ data_points: '[[10.2238, 1.21], [10.279, 0.16]]' }
data_points: [[10.2238, 1.21], [10.279, 0.16]]
{ data_points: '[]' }
data_points: []
{ data_points: '[[10.4447, 1.61], [10.5018, 3.84]]' }
data_points: [[10.4447, 1.61], [10.5018, 3.84]]
{ data_points: '[[10.5567, 4.73]]' }
data_points: [[10.5567, 4.73]]
{ status_msg: 
   { capno: 24.964004213789032,
     rate: 122,
     depth: 4.85,
     time: 10.7294 } }
status:  { capno: 24.964004213789032,
  rate: 122,
  depth: 4.85,
  time: 10.7294 }
{ data_points: '[[10.6695, 3.65], [10.7294, 1.27]]' }
data_points: [[10.6695, 3.65], [10.7294, 1.27]]
{ data_points: '[[10.7976, 0.16]]' }
data_points: [[10.7976, 0.16]]
{ data_points: '[[10.9648, 1.57]]' }
data_points: [[10.9648, 1.57]]
{ data_points: '[[11.0191, 3.55], [11.0761, 5.19]]' }
data_points: [[11.0191, 3.55], [11.0761, 5.19]]
{ data_points: '[[11.187, 4.23]]' }
data_points: [[11.187, 4.23]]
{ data_points: '[[11.2407, 2.45], [11.3023, 0.16]]' }
data_points: [[11.2407, 2.45], [11.3023, 0.16]]
{ data_points: '[]' }
data_points: []
{ data_points: '[[11.4731, 0.73], [11.5293, 2.76]]' }
data_points: [[11.4731, 0.73], [11.5293, 2.76]]
{ data_points: '[[11.5847, 5.16], [11.6393, 5.0]]' }
data_points: [[11.5847, 5.16], [11.6393, 5.0]]
{ status_msg: 
   { capno: 25.11699071301743,
     rate: 123,
     depth: 4.976,
     time: 11.6933 } }
status:  { capno: 25.11699071301743,
  rate: 123,
  depth: 4.976,
  time: 11.6933 }
{ data_points: '[[11.6933, 3.02], [11.7717, 1.06]]' }
data_points: [[11.6933, 3.02], [11.7717, 1.06]]
{ data_points: '[[11.8255, 0.16]]' }
data_points: [[11.8255, 0.16]]
{ data_points: '[[11.9999, 1.67]]' }
data_points: [[11.9999, 1.67]]
{ data_points: '[[12.0536, 3.79], [12.1148, 4.54]]' }
data_points: [[12.0536, 3.79], [12.1148, 4.54]]
{ data_points: '[[12.1689, 4.41], [12.2302, 3.22]]' }
data_points: [[12.1689, 4.41], [12.2302, 3.22]]
{ data_points: '[[12.285, 1.25], [12.347, 0.16]]' }
data_points: [[12.285, 1.25], [12.347, 0.16]]
{ data_points: '[]' }
data_points: []
{ data_points: '[[12.5119, 2.1], [12.5723, 4.26]]' }
data_points: [[12.5119, 2.1], [12.5723, 4.26]]
{ status_msg: 
   { capno: 25.111725103963703,
     rate: 113,
     depth: 5.075,
     time: 12.6891 } }
status:  { capno: 25.111725103963703,
  rate: 113,
  depth: 5.075,
  time: 12.6891 }
{ data_points: '[[12.6262, 4.64], [12.6891, 3.31]]' }
data_points: [[12.6262, 4.64], [12.6891, 3.31]]
{ data_points: '[[12.7655, 1.41], [12.8219, 0.16]]' }
data_points: [[12.7655, 1.41], [12.8219, 0.16]]
{ data_points: '[]' }
data_points: []
{ data_points: '[[12.9877, 1.16], [13.0449, 3.22]]' }
data_points: [[12.9877, 1.16], [13.0449, 3.22]]
{ data_points: '[[13.1001, 4.87]]' }
data_points: [[13.1001, 4.87]]
{ data_points: '[[13.2095, 3.77], [13.2653, 1.96]]' }
data_points: [[13.2095, 3.77], [13.2653, 1.96]]
{ data_points: '[[13.319, 0.16]]' }
data_points: [[13.319, 0.16]]
{ data_points: '[[13.483, 1.03]]' }
data_points: [[13.483, 1.03]]
{ data_points: '[[13.5445, 3.34], [13.6039, 5.22]]' }
data_points: [[13.5445, 3.34], [13.6039, 5.22]]
{ status_msg: 
   { capno: 25.247733407194637,
     rate: 110,
     depth: 5.081,
     time: 13.6579 } }
status:  { capno: 25.247733407194637,
  rate: 110,
  depth: 5.081,
  time: 13.6579 }
{ data_points: '[[13.6579, 5.0], [13.7283, 3.67]]' }
data_points: [[13.6579, 5.0], [13.7283, 3.67]]
{ data_points: '[[13.7822, 1.72], [13.8432, 0.16]]' }
data_points: [[13.7822, 1.72], [13.8432, 0.16]]
{ data_points: '[]' }
data_points: []
{ data_points: '[[14.0095, 1.65], [14.0693, 3.61]]' }
data_points: [[14.0095, 1.65], [14.0693, 3.61]]
{ data_points: '[[14.1228, 5.09], [14.183, 4.67]]' }
data_points: [[14.1228, 5.09], [14.183, 4.67]]
{ data_points: '[[14.2368, 2.74], [14.3005, 0.68]]' }
data_points: [[14.2368, 2.74], [14.3005, 0.68]]
{ data_points: '[[14.3551, 0.16]]' }
data_points: [[14.3551, 0.16]]
{ data_points: '[[14.5199, 1.42]]' }
data_points: [[14.5199, 1.42]]
{ status_msg: 
   { capno: 25.41460619158633,
     rate: 111,
     depth: 5.087,
     time: 14.631 } }
status:  { capno: 25.41460619158633,
  rate: 111,
  depth: 5.087,
  time: 14.631 }
{ data_points: '[[14.5737, 3.31], [14.631, 5.2]]' }
data_points: [[14.5737, 3.31], [14.631, 5.2]]
{ data_points: '[[14.6993, 4.54], [14.7548, 2.72]]' }
data_points: [[14.6993, 4.54], [14.7548, 2.72]]
{ data_points: '[[14.8087, 0.79], [14.8651, 0.16]]' }
data_points: [[14.8087, 0.79], [14.8651, 0.16]]
{ data_points: '[]' }
data_points: []
{ data_points: '[[15.0301, 0.61], [15.0905, 3.28]]' }
data_points: [[15.0301, 0.61], [15.0905, 3.28]]
{ data_points: '[[15.1444, 5.31], [15.2049, 4.72]]' }
data_points: [[15.1444, 5.31], [15.2049, 4.72]]
{ data_points: '[[15.2587, 2.62], [15.3252, 1.14]]' }
data_points: [[15.2587, 2.62], [15.3252, 1.14]]
{ data_points: '[[15.3808, 0.63], [15.4596, 2.18]]' }
data_points: [[15.3808, 0.63], [15.4596, 2.18]]
{ data_points: '[[15.5139, 3.96], [15.5723, 4.28]]' }
data_points: [[15.5139, 3.96], [15.5723, 4.28]]
{ status_msg: 
   { capno: 25.596914868020846,
     rate: 110,
     depth: 5.039,
     time: 15.6264 } }
status:  { capno: 25.596914868020846,
  rate: 110,
  depth: 5.039,
  time: 15.6264 }
{ data_points: '[[15.6264, 3.67], [15.7035, 2.4]]' }
data_points: [[15.6264, 3.67], [15.7035, 2.4]]
{ data_points: '[[15.7583, 0.76], [15.818, 0.16]]' }
data_points: [[15.7583, 0.76], [15.818, 0.16]]
{ data_points: '[[15.9413, 1.24]]' }
data_points: [[15.9413, 1.24]]
{ data_points: '[[15.9958, 3.47], [16.064, 5.42]]' }
data_points: [[15.9958, 3.47], [16.064, 5.42]]
{ data_points: '[[16.1177, 5.09], [16.1894, 3.59]]' }
data_points: [[16.1177, 5.09], [16.1894, 3.59]]
{ data_points: '[[16.2451, 1.83], [16.3045, 0.59]]' }
data_points: [[16.2451, 1.83], [16.3045, 0.59]]
{ data_points: '[[16.3567, 0.68], [16.4129, 1.81]]' }
data_points: [[16.3567, 0.68], [16.4129, 1.81]]
{ data_points: '[[16.4652, 3.41], [16.5178, 5.11]]' }
data_points: [[16.4652, 3.41], [16.5178, 5.11]]
{ status_msg: 
   { capno: 25.483394720705828,
     rate: 112,
     depth: 4.993,
     time: 16.6307 } }
status:  { capno: 25.483394720705828,
  rate: 112,
  depth: 4.993,
  time: 16.6307 }
{ data_points: '[[16.57, 5.32], [16.6307, 4.17]]' }
data_points: [[16.57, 5.32], [16.6307, 4.17]]
{ data_points: '[[16.6857, 2.51], [16.7388, 0.94]]' }
data_points: [[16.6857, 2.51], [16.7388, 0.94]]
{ data_points: '[[16.791, 0.16]]' }
data_points: [[16.791, 0.16]]
{ data_points: '[[16.8987, 1.97], [16.9527, 3.93]]' }
data_points: [[16.8987, 1.97], [16.9527, 3.93]]
{ data_points: '[[17.0077, 5.43], [17.0656, 5.07]]' }
data_points: [[17.0077, 5.43], [17.0656, 5.07]]
{ data_points: '[[17.1184, 3.88], [17.1718, 2.17]]' }
data_points: [[17.1184, 3.88], [17.1718, 2.17]]
{ data_points: '[[17.2259, 0.16]]' }
data_points: [[17.2259, 0.16]]
{ data_points: '[[17.3985, 2.2]]' }
data_points: [[17.3985, 2.2]]
{ data_points: '[[17.4528, 4.52], [17.5083, 5.52]]' }
data_points: [[17.4528, 4.52], [17.5083, 5.52]]
{ status_msg: 
   { capno: 25.77657126618158,
     rate: 120,
     depth: 5.07,
     time: 17.6207 } }
status:  { capno: 25.77657126618158,
  rate: 120,
  depth: 5.07,
  time: 17.6207 }
{ data_points: '[[17.562, 4.71], [17.6207, 2.48]]' }
data_points: [[17.562, 4.71], [17.6207, 2.48]]
{ data_points: '[[17.69, 0.82], [17.7448, 0.16]]' }
data_points: [[17.69, 0.82], [17.7448, 0.16]]
{ data_points: '[[17.7984, 0.41], [17.859, 1.61]]' }
data_points: [[17.7984, 0.41], [17.859, 1.61]]
{ data_points: '[[17.9133, 3.76], [17.9734, 5.32]]' }
data_points: [[17.9133, 3.76], [17.9734, 5.32]]
{ data_points: '[[18.0274, 4.81], [18.0823, 3.44]]' }
data_points: [[18.0274, 4.81], [18.0823, 3.44]]
{ data_points: '[[18.1362, 1.67], [18.191, 0.16]]' }
data_points: [[18.1362, 1.67], [18.191, 0.16]]
{ data_points: '[]' }
data_points: []
{ data_points: '[[18.3533, 0.6], [18.4081, 2.59]]' }
data_points: [[18.3533, 0.6], [18.4081, 2.59]]
{ data_points: '[[18.4621, 5.23], [18.5189, 5.39]]' }
data_points: [[18.4621, 5.23], [18.5189, 5.39]]
{ status_msg: 
   { capno: 25.80660413031642,
     rate: 121,
     depth: 5.135,
     time: 18.5725 } }
status:  { capno: 25.80660413031642,
  rate: 121,
  depth: 5.135,
  time: 18.5725 }
{ data_points: '[[18.5725, 3.28], [18.6516, 1.17]]' }
data_points: [[18.5725, 3.28], [18.6516, 1.17]]
{ data_points: '[[18.7053, 0.16]]' }
data_points: [[18.7053, 0.16]]
{ data_points: '[[18.8823, 1.73]]' }
data_points: [[18.8823, 1.73]]
{ data_points: '[[18.9375, 4.95], [18.9982, 5.61]]' }
data_points: [[18.9375, 4.95], [18.9982, 5.61]]
{ data_points: '[[19.0541, 3.92], [19.1131, 1.84]]' }
data_points: [[19.0541, 3.92], [19.1131, 1.84]]
{ data_points: '[[19.1673, 0.16]]' }
data_points: [[19.1673, 0.16]]
{ data_points: '[[19.3354, 0.92]]' }
data_points: [[19.3354, 0.92]]
{ data_points: '[[19.3892, 3.84], [19.4543, 5.75]]' }
data_points: [[19.3892, 3.84], [19.4543, 5.75]]
{ status_msg: 
   { capno: 26.10061172129459,
     rate: 131,
     depth: 5.297,
     time: 19.5644 } }
status:  { capno: 26.10061172129459,
  rate: 131,
  depth: 5.297,
  time: 19.5644 }
{ data_points: '[[19.508, 4.71], [19.5644, 2.46]]' }
data_points: [[19.508, 4.71], [19.5644, 2.46]]
{ data_points: '[[19.6332, 0.19]]' }
data_points: [[19.6332, 0.19]]
{ data_points: '[[19.7535, 0.87], [19.8126, 2.36]]' }
data_points: [[19.7535, 0.87], [19.8126, 2.36]]
{ data_points: '[[19.8666, 5.04], [19.9274, 5.92]]' }
data_points: [[19.8666, 5.04], [19.9274, 5.92]]
{ data_points: '[[19.981, 5.45], [20.0413, 3.8]]' }
data_points: [[19.981, 5.45], [20.0413, 3.8]]
{ data_points: '[[20.0974, 1.51], [20.1523, 0.16]]' }
data_points: [[20.0974, 1.51], [20.1523, 0.16]]
{ data_points: '[]' }
data_points: []
{ data_points: '[[20.322, 2.42], [20.3844, 5.44]]' }
data_points: [[20.322, 2.42], [20.3844, 5.44]]
{ data_points: '[[20.4381, 5.78], [20.4956, 4.24]]' }
data_points: [[20.4381, 5.78], [20.4956, 4.24]]
{ status_msg: 
   { capno: 26.26197108637166,
     rate: 131,
     depth: 5.404,
     time: 20.5495 } }
status:  { capno: 26.26197108637166,
  rate: 131,
  depth: 5.404,
  time: 20.5495 }
{ data_points: '[[20.5495, 1.38], [20.6268, 0.16]]' }
data_points: [[20.5495, 1.38], [20.6268, 0.16]]
{ data_points: '[[20.7399, 0.32]]' }
data_points: [[20.7399, 0.32]]
{ data_points: '[[20.7937, 2.42], [20.8483, 5.5]]' }
data_points: [[20.7937, 2.42], [20.8483, 5.5]]
{ data_points: '[[20.9624, 4.28]]' }
data_points: [[20.9624, 4.28]]
{ data_points: '[[21.0164, 2.25], [21.0779, 0.16]]' }
data_points: [[21.0164, 2.25], [21.0779, 0.16]]
{ data_points: '[]' }
data_points: []
{ data_points: '[[21.253, 2.81], [21.3306, 5.32]]' }
data_points: [[21.253, 2.81], [21.3306, 5.32]]
{ data_points: '[[21.4476, 4.33]]' }
data_points: [[21.4476, 4.33]]
{ status_msg: 
   { capno: 26.16854650657891,
     rate: 130,
     depth: 5.428,
     time: 21.5018 } }
status:  { capno: 26.16854650657891,
  rate: 130,
  depth: 5.428,
  time: 21.5018 }
{ data_points: '[[21.5018, 1.79], [21.5786, 0.16]]' }
data_points: [[21.5018, 1.79], [21.5786, 0.16]]
{ data_points: '[]' }
data_points: []
{ data_points: '[[21.7457, 2.1], [21.8064, 4.92]]' }
data_points: [[21.7457, 2.1], [21.8064, 4.92]]
{ data_points: '[[21.86, 5.44], [21.9214, 4.62]]' }
data_points: [[21.86, 5.44], [21.9214, 4.62]]
{ data_points: '[[21.9757, 2.66], [22.0391, 1.08]]' }
data_points: [[21.9757, 2.66], [22.0391, 1.08]]
{ data_points: '[[22.0931, 0.16], [22.1539, 0.34]]' }
data_points: [[22.0931, 0.16], [22.1539, 0.34]]
{ data_points: '[[22.2076, 2.44], [22.2676, 4.71]]' }
data_points: [[22.2076, 2.44], [22.2676, 4.71]]
{ data_points: '[[22.3221, 5.52], [22.3768, 5.22]]' }
data_points: [[22.3221, 5.52], [22.3768, 5.22]]
{ status_msg: 
   { capno: 26.33624276021967,
     rate: 131,
     depth: 5.525,
     time: 22.4878 } }
status:  { capno: 26.33624276021967,
  rate: 131,
  depth: 5.525,
  time: 22.4878 }
{ data_points: '[[22.431, 3.59], [22.4878, 1.16]]' }
data_points: [[22.431, 3.59], [22.4878, 1.16]]
{ data_points: '[[22.5561, 0.16]]' }
data_points: [[22.5561, 0.16]]
{ data_points: '[[22.6698, 1.32], [22.7248, 3.63]]' }
data_points: [[22.6698, 1.32], [22.7248, 3.63]]
{ data_points: '[[22.7866, 5.55]]' }
data_points: [[22.7866, 5.55]]
{ data_points: '[[22.8978, 4.61], [22.9577, 2.27]]' }
data_points: [[22.8978, 4.61], [22.9577, 2.27]]
{ data_points: '[[23.0114, 0.16]]' }
data_points: [[23.0114, 0.16]]
{ data_points: '[[23.1293, 0.28], [23.1931, 2.5]]' }
data_points: [[23.1293, 0.28], [23.1931, 2.5]]
{ data_points: '[[23.2471, 5.23], [23.3057, 5.71]]' }
data_points: [[23.2471, 5.23], [23.3057, 5.71]]
{ data_points: '[[23.3595, 5.31], [23.4161, 3.42]]' }
data_points: [[23.3595, 5.31], [23.4161, 3.42]]
{ status_msg: 
   { capno: 26.496440998193098,
     rate: 131,
     depth: 5.564,
     time: 23.4701 } }
status:  { capno: 26.496440998193098,
  rate: 131,
  depth: 5.564,
  time: 23.4701 }
{ data_points: '[[23.4701, 0.6], [23.5467, 0.16]]' }
data_points: [[23.4701, 0.6], [23.5467, 0.16]]
{ data_points: '[[23.658, 1.24]]' }
data_points: [[23.658, 1.24]]
{ data_points: '[[23.7119, 3.48], [23.7722, 5.75]]' }
data_points: [[23.7119, 3.48], [23.7722, 5.75]]
{ data_points: '[[23.8263, 5.62], [23.8828, 4.32]]' }
data_points: [[23.8263, 5.62], [23.8828, 4.32]]
{ data_points: '[[23.9371, 2.2], [23.9975, 0.16]]' }
data_points: [[23.9371, 2.2], [23.9975, 0.16]]
{ data_points: '[]' }
data_points: []
{ data_points: '[[24.1639, 1.58], [24.2203, 4.35]]' }
data_points: [[24.1639, 1.58], [24.2203, 4.35]]
{ data_points: '[[24.2742, 5.84], [24.3297, 5.38]]' }
data_points: [[24.2742, 5.84], [24.3297, 5.38]]
{ status_msg: 
   { capno: 26.65335071772904,
     rate: 131,
     depth: 5.622,
     time: 24.4382 } }
status:  { capno: 26.65335071772904,
  rate: 131,
  depth: 5.622,
  time: 24.4382 }
{ data_points: '[[24.3836, 3.89], [24.4382, 1.4]]' }
data_points: [[24.3836, 3.89], [24.4382, 1.4]]
{ data_points: '[[24.5076, 0.16]]' }
data_points: [[24.5076, 0.16]]
{ data_points: '[[24.6796, 1.64]]' }
data_points: [[24.6796, 1.64]]
{ data_points: '[[24.734, 4.86], [24.7947, 5.29]]' }
data_points: [[24.734, 4.86], [24.7947, 5.29]]
{ data_points: '[[24.8513, 4.28], [24.9125, 2.35]]' }
data_points: [[24.8513, 4.28], [24.9125, 2.35]]
{ data_points: '[[24.9663, 0.16]]' }
data_points: [[24.9663, 0.16]]
{ data_points: '[[25.1327, 0.76]]' }
data_points: [[25.1327, 0.76]]
{ data_points: '[[25.1869, 3.75], [25.2441, 5.59]]' }
data_points: [[25.1869, 3.75], [25.2441, 5.59]]
{ data_points: '[[25.2985, 4.84], [25.3553, 3.31]]' }
data_points: [[25.2985, 4.84], [25.3553, 3.31]]
{ status_msg: 
   { capno: 26.79953023822603,
     rate: 131,
     depth: 5.612,
     time: 25.4109 } }
status:  { capno: 26.79953023822603,
  rate: 131,
  depth: 5.612,
  time: 25.4109 }
{ data_points: '[[25.4109, 0.16]]' }
data_points: [[25.4109, 0.16]]
{ data_points: '[[25.6011, 0.68]]' }
data_points: [[25.6011, 0.68]]
{ data_points: '[[25.6548, 3.45], [25.7096, 6.04]]' }
data_points: [[25.6548, 3.45], [25.7096, 6.04]]
{ data_points: '[[25.7636, 5.48], [25.8218, 3.37]]' }
data_points: [[25.7636, 5.48], [25.8218, 3.37]]
{ data_points: '[[25.8755, 0.16]]' }
data_points: [[25.8755, 0.16]]
{ data_points: '[]' }
data_points: []
{ data_points: '[]' }
data_points: []
{ data_points: '[[26.2143, 0.43], [26.2752, 0.78]]' }
data_points: [[26.2143, 0.43], [26.2752, 0.78]]
{ status_msg: 
   { capno: 26.776837288910645,
     rate: 121,
     depth: 5.611,
     time: 26.3987 } }
status:  { capno: 26.776837288910645,
  rate: 121,
  depth: 5.611,
  time: 26.3987 }
{ data_points: '[[26.3358, 1.14], [26.3987, 1.28]]' }
data_points: [[26.3358, 1.14], [26.3987, 1.28]]
{ data_points: '[[26.5228, 1.38]]' }
data_points: [[26.5228, 1.38]]
{ data_points: '[]' }
data_points: []
{ data_points: '[]' }
data_points: []
{ data_points: '[]' }
data_points: []
{ data_points: '[]' }
data_points: []
{ data_points: '[]' }
data_points: []
{ data_points: '[]' }
data_points: []
{ data_points: '[]' }
data_points: []
{ status_msg: 
   { capno: 26.41912328891065,
     rate: 104,
     depth: 5.637,
     time: 27.3625 } }
status:  { capno: 26.41912328891065,
  rate: 104,
  depth: 5.637,
  time: 27.3625 }
{ data_points: '[]' }
data_points: []
{ data_points: '[[27.5485, 1.4]]' }
data_points: [[27.5485, 1.4]]
{ data_points: '[]' }
data_points: []
{ data_points: '[]' }
data_points: []
{ data_points: '[]' }
data_points: []
{ data_points: '[]' }
data_points: []
{ data_points: '[]' }
data_points: []
{ data_points: '[]' }
data_points: []
{ status_msg: 
   { capno: 23.767345288910676,
     rate: 80,
     depth: 5.681,
     time: 28.3337 } }
status:  { capno: 23.767345288910676,
  rate: 80,
  depth: 5.681,
  time: 28.3337 }
{ data_points: '[]' }
data_points: []
{ data_points: '[]' }
data_points: []
{ data_points: '[[28.5626, 1.4]]' }
data_points: [[28.5626, 1.4]]
{ data_points: '[]' }
data_points: []
{ data_points: '[]' }
data_points: []
{ data_points: '[]' }
data_points: []
{ data_points: '[]' }
data_points: []
{ data_points: '[]' }
data_points: []
{ data_points: '[]' }
data_points: []
{ status_msg: 
   { capno: 20.473309288910688,
     rate: 68,
     depth: 4.985,
     time: 29.3241 } }
status:  { capno: 20.473309288910688,
  rate: 68,
  depth: 4.985,
  time: 29.3241 }
{ data_points: '[]' }
data_points: []
{ data_points: '[]' }
data_points: []
{ data_points: '[]' }
data_points: []
{ data_points: '[[29.6147, 1.39]]' }
data_points: [[29.6147, 1.39]]
{ data_points: '[]' }
data_points: []
{ data_points: '[]' }
data_points: []
{ data_points: '[]' }
data_points: []
{ final_stats: 
   { capno: 18.045595288910693,
     rate: '100.0',
     depth: '4.94',
     total_compressions: '50',
     time: '30' } }
final_stats:  { capno: 18.045595288910693,
  rate: '100.0',
  depth: '4.94',
  total_compressions: '50',
  time: '30' }
end of trial
pressed = 0
pressed = 1
bbb_run() called for the 2time
calling connect again
connected to remote socket
manikin inputs:
{ type: 'non_prof',
  username: 'David Mandelbaum',
  add_to_group: 'no',
  group_name: '547b6f5a4b90510b001a411b',
  mins: '0',
  secs: '30',
  capno: '25' }
starting script
time
30
inputs: [object Object]
starting pyshell
{ begin: 'true' }
begin; trial time = 30
{ data_points: '[[0.0001, 0.16]]' }
data_points: [[0.0001, 0.16]]
{ data_points: '[]' }
data_points: []
{ data_points: '[]' }
data_points: []
{ data_points: '[]' }
data_points: []
{ data_points: '[]' }
data_points: []
{ data_points: '[]' }
data_points: []
{ data_points: '[]' }
data_points: []
{ data_points: '[[0.8086, 0.32]]' }
data_points: [[0.8086, 0.32]]
{ data_points: '[[0.8656, 1.74], [0.9191, 3.06]]' }
data_points: [[0.8656, 1.74], [0.9191, 3.06]]
{ status_msg: { capno: 24.99037, rate: 0, depth: 0, time: 0.9718 } }
status:  { capno: 24.99037, rate: 0, depth: 0, time: 0.9718 }
{ data_points: '[[0.9718, 5.17], [1.0473, 5.9]]' }
data_points: [[0.9718, 5.17], [1.0473, 5.9]]
{ data_points: '[[1.0999, 4.89], [1.1593, 3.26]]' }
data_points: [[1.0999, 4.89], [1.1593, 3.26]]
{ data_points: '[[1.2121, 1.55], [1.2705, 0.16]]' }
data_points: [[1.2121, 1.55], [1.2705, 0.16]]
{ data_points: '[]' }
data_points: []
{ data_points: '[[1.4863, 0.33]]' }
data_points: [[1.4863, 0.33]]
{ data_points: '[[1.5394, 1.72], [1.5961, 2.98]]' }
data_points: [[1.5394, 1.72], [1.5961, 2.98]]
{ data_points: '[[1.6488, 4.5], [1.7069, 6.16]]' }
data_points: [[1.6488, 4.5], [1.7069, 6.16]]
{ data_points: '[[1.7598, 6.33], [1.8194, 5.04]]' }
data_points: [[1.7598, 6.33], [1.8194, 5.04]]
{ status_msg: 
   { capno: 24.832097999999995,
     rate: 64,
     depth: 6.115,
     time: 1.9301 } }
status:  { capno: 24.832097999999995,
  rate: 64,
  depth: 6.115,
  time: 1.9301 }
{ data_points: '[[1.8723, 3.29], [1.9301, 1.05]]' }
data_points: [[1.8723, 3.29], [1.9301, 1.05]]
{ data_points: '[[1.9944, 0.16]]' }
data_points: [[1.9944, 0.16]]
{ data_points: '[]' }
data_points: []
{ data_points: '[[2.2093, 1.17], [2.2631, 2.87]]' }
data_points: [[2.2093, 1.17], [2.2631, 2.87]]
{ data_points: '[[2.3173, 4.91], [2.3714, 6.96]]' }
data_points: [[2.3173, 4.91], [2.3714, 6.96]]
{ data_points: '[[2.4314, 6.6], [2.4855, 5.15]]' }
data_points: [[2.4314, 6.6], [2.4855, 5.15]]
{ data_points: '[[2.5388, 3.42], [2.5926, 2.22]]' }
data_points: [[2.5388, 3.42], [2.5926, 2.22]]
{ data_points: '[[2.6459, 1.09], [2.7017, 0.16]]' }
data_points: [[2.6459, 1.09], [2.7017, 0.16]]
{ data_points: '[]' }
data_points: []
{ status_msg: { capno: 24.60169572340072, rate: 63, depth: 6.397, time: 2.9182 } }
status:  { capno: 24.60169572340072, rate: 63, depth: 6.397, time: 2.9182 }
{ data_points: '[[2.8638, 1.59], [2.9182, 4.03]]' }
data_points: [[2.8638, 1.59], [2.9182, 4.03]]
{ data_points: '[[2.9845, 5.96], [3.041, 7.16]]' }
data_points: [[2.9845, 5.96], [3.041, 7.16]]
{ data_points: '[[3.0939, 6.36], [3.1532, 4.28]]' }
data_points: [[3.0939, 6.36], [3.1532, 4.28]]
{ data_points: '[[3.2091, 2.59], [3.2756, 1.36]]' }
data_points: [[3.2091, 2.59], [3.2756, 1.36]]
{ data_points: '[[3.3292, 0.16]]' }
data_points: [[3.3292, 0.16]]
{ data_points: '[]' }
data_points: []
{ data_points: '[[3.561, 2.52], [3.626, 6.02]]' }
data_points: [[3.561, 2.52], [3.626, 6.02]]
{ data_points: '[[3.6867, 7.91], [3.7512, 7.41]]' }
data_points: [[3.6867, 7.91], [3.7512, 7.41]]
{ data_points: '[[3.8049, 5.15], [3.8641, 3.04]]' }
data_points: [[3.8049, 5.15], [3.8641, 3.04]]
{ status_msg: 
   { capno: 23.901851462092594,
     rate: 78,
     depth: 6.852,
     time: 3.9173 } }
status:  { capno: 23.901851462092594,
  rate: 78,
  depth: 6.852,
  time: 3.9173 }
{ data_points: '[[3.9173, 0.71], [3.9908, 0.16]]' }
data_points: [[3.9173, 0.71], [3.9908, 0.16]]
{ data_points: '[]' }
data_points: []
{ data_points: '[[4.2129, 0.35]]' }
data_points: [[4.2129, 0.35]]
{ data_points: '[[4.2661, 3.42], [4.3255, 7.91]]' }
data_points: [[4.2661, 3.42], [4.3255, 7.91]]
{ data_points: '[[4.3789, 9.46], [4.4349, 6.87]]' }
data_points: [[4.3789, 9.46], [4.4349, 6.87]]
{ data_points: '[[4.4888, 4.64], [4.5455, 2.93]]' }
data_points: [[4.4888, 4.64], [4.5455, 2.93]]
{ data_points: '[[4.5989, 1.5], [4.6535, 0.43]]' }
data_points: [[4.5989, 1.5], [4.6535, 0.43]]
{ data_points: '[[4.7071, 0.16]]' }
data_points: [[4.7071, 0.16]]
{ status_msg: 
   { capno: 22.884795303441074,
     rate: 76,
     depth: 7.287,
     time: 4.8809 } }
status:  { capno: 22.884795303441074,
  rate: 76,
  depth: 7.287,
  time: 4.8809 }
{ data_points: '[[4.8809, 1.88]]' }
data_points: [[4.8809, 1.88]]
{ data_points: '[[4.967, 4.26], [5.0295, 6.92]]' }
data_points: [[4.967, 4.26], [5.0295, 6.92]]
{ data_points: '[[5.1389, 6.15]]' }
data_points: [[5.1389, 6.15]]
{ data_points: '[[5.1927, 2.7], [5.2877, 0.71]]' }
data_points: [[5.1927, 2.7], [5.2877, 0.71]]
{ data_points: '[[5.3411, 0.16]]' }
data_points: [[5.3411, 0.16]]
{ data_points: '[]' }
data_points: []
{ data_points: '[[5.6181, 2.27]]' }
data_points: [[5.6181, 2.27]]
{ data_points: '[[5.6719, 5.03], [5.7408, 6.95]]' }
data_points: [[5.6719, 5.03], [5.7408, 6.95]]
{ status_msg: 
   { capno: 22.644181162914784,
     rate: 73,
     depth: 7.234,
     time: 5.8593 } }
status:  { capno: 22.644181162914784,
  rate: 73,
  depth: 7.234,
  time: 5.8593 }
{ data_points: '[[5.8593, 4.68]]' }
data_points: [[5.8593, 4.68]]
{ data_points: '[[5.9266, 2.52], [5.9828, 0.16]]' }
data_points: [[5.9266, 2.52], [5.9828, 0.16]]
{ data_points: '[]' }
data_points: []
{ data_points: '[[6.21, 0.48]]' }
data_points: [[6.21, 0.48]]
{ data_points: '[[6.2637, 2.79], [6.3224, 4.92]]' }
data_points: [[6.2637, 2.79], [6.3224, 4.92]]
{ data_points: '[[6.3757, 6.37], [6.4345, 6.48]]' }
data_points: [[6.3757, 6.37], [6.4345, 6.48]]
{ data_points: '[[6.4883, 5.11], [6.5516, 3.06]]' }
data_points: [[6.4883, 5.11], [6.5516, 3.06]]
{ data_points: '[[6.6057, 0.76], [6.6653, 0.16]]' }
data_points: [[6.6057, 0.76], [6.6653, 0.16]]
{ data_points: '[]' }
data_points: []
{ status_msg: { capno: 22.412237765374826, rate: 92, depth: 7.119, time: 6.834 } }
status:  { capno: 22.412237765374826, rate: 92, depth: 7.119, time: 6.834 }
{ data_points: '[[6.834, 2.14], [6.9163, 4.46]]' }
data_points: [[6.834, 2.14], [6.9163, 4.46]]
{ data_points: '[[6.9699, 4.94], [7.0245, 5.02]]' }
data_points: [[6.9699, 4.94], [7.0245, 5.02]]
{ data_points: '[[7.0785, 4.83], [7.1335, 3.4]]' }
data_points: [[7.0785, 4.83], [7.1335, 3.4]]
{ data_points: '[[7.1874, 1.93], [7.2448, 0.16]]' }
data_points: [[7.1874, 1.93], [7.2448, 0.16]]
{ data_points: '[]' }
data_points: []
{ data_points: '[[7.4653, 0.67]]' }
data_points: [[7.4653, 0.67]]
{ data_points: '[[7.5237, 2.95], [7.5811, 4.66]]' }
data_points: [[7.5237, 2.95], [7.5811, 4.66]]
{ data_points: '[[7.6937, 4.28]]' }
data_points: [[7.6937, 4.28]]
{ status_msg: 
   { capno: 22.556894384298992,
     rate: 90,
     depth: 6.836,
     time: 7.8039 } }
status:  { capno: 22.556894384298992,
  rate: 90,
  depth: 6.836,
  time: 7.8039 }
{ data_points: '[[7.7495, 3.11], [7.8039, 1.52]]' }
data_points: [[7.7495, 3.11], [7.8039, 1.52]]
{ data_points: '[[7.8649, 0.16]]' }
data_points: [[7.8649, 0.16]]
{ data_points: '[]' }
data_points: []
{ data_points: '[[8.0771, 0.9], [8.1296, 2.84]]' }
data_points: [[8.0771, 0.9], [8.1296, 2.84]]
{ data_points: '[[8.1817, 5.17], [8.2343, 6.58]]' }
data_points: [[8.1817, 5.17], [8.2343, 6.58]]
{ data_points: '[[8.3392, 5.57]]' }
data_points: [[8.3392, 5.57]]
{ data_points: '[[8.3919, 3.83], [8.4464, 2.04]]' }
data_points: [[8.3919, 3.83], [8.4464, 2.04]]
{ data_points: '[[8.5001, 0.43], [8.5548, 0.16]]' }
data_points: [[8.5001, 0.43], [8.5548, 0.16]]
{ data_points: '[]' }
data_points: []
{ status_msg: 
   { capno: 22.404243511701498,
     rate: 95,
     depth: 6.793,
     time: 8.7767 } }
status:  { capno: 22.404243511701498,
  rate: 95,
  depth: 6.793,
  time: 8.7767 }
{ data_points: '[]' }
data_points: []
{ data_points: '[[8.9054, 0.54]]' }
data_points: [[8.9054, 0.54]]
{ data_points: '[[8.9591, 3.04], [9.0206, 5.03]]' }
data_points: [[8.9591, 3.04], [9.0206, 5.03]]
{ data_points: '[[9.0742, 5.26], [9.1356, 5.33]]' }
data_points: [[9.0742, 5.26], [9.1356, 5.33]]
{ data_points: '[[9.1895, 4.26], [9.2524, 2.4]]' }
data_points: [[9.1895, 4.26], [9.2524, 2.4]]
{ data_points: '[[9.3059, 0.53], [9.3607, 0.16]]' }
data_points: [[9.3059, 0.53], [9.3607, 0.16]]
{ data_points: '[]' }
data_points: []
{ data_points: '[[9.5243, 0.68], [9.5815, 3.1]]' }
data_points: [[9.5243, 0.68], [9.5815, 3.1]]
{ data_points: '[[9.6353, 5.42], [9.7004, 6.7]]' }
data_points: [[9.6353, 5.42], [9.7004, 6.7]]
{ status_msg: { capno: 22.333838748906, rate: 81, depth: 6.425, time: 9.754 } }
status:  { capno: 22.333838748906, rate: 81, depth: 6.425, time: 9.754 }
{ data_points: '[[9.754, 4.77], [9.8289, 2.63]]' }
data_points: [[9.754, 4.77], [9.8289, 2.63]]
{ data_points: '[[9.884, 0.76], [9.9387, 0.16]]' }
data_points: [[9.884, 0.76], [9.9387, 0.16]]
{ data_points: '[]' }
data_points: []
{ data_points: '[[10.1026, 1.29], [10.1624, 2.91]]' }
data_points: [[10.1026, 1.29], [10.1624, 2.91]]
{ data_points: '[[10.216, 5.27], [10.2763, 7.01]]' }
data_points: [[10.216, 5.27], [10.2763, 7.01]]
{ data_points: '[[10.3305, 6.52], [10.3935, 4.45]]' }
data_points: [[10.3305, 6.52], [10.3935, 4.45]]
{ data_points: '[[10.4497, 2.19], [10.511, 0.33]]' }
data_points: [[10.4497, 2.19], [10.511, 0.33]]
{ data_points: '[[10.5647, 0.16]]' }
data_points: [[10.5647, 0.16]]
{ status_msg: 
   { capno: 22.124487804734986,
     rate: 90,
     depth: 6.183,
     time: 10.7482 } }
status:  { capno: 22.124487804734986,
  rate: 90,
  depth: 6.183,
  time: 10.7482 }
{ data_points: '[[10.6789, 0.89], [10.7482, 4.58]]' }
data_points: [[10.6789, 0.89], [10.7482, 4.58]]
{ data_points: '[[10.8612, 6.79], [10.9162, 6.44]]' }
data_points: [[10.8612, 6.79], [10.9162, 6.44]]
{ data_points: '[[10.9701, 4.02], [11.0264, 2.11]]' }
data_points: [[10.9701, 4.02], [11.0264, 2.11]]
{ data_points: '[[11.0811, 0.28], [11.1355, 0.16]]' }
data_points: [[11.0811, 0.28], [11.1355, 0.16]]
{ data_points: '[[11.2464, 1.06]]' }
data_points: [[11.2464, 1.06]]
{ data_points: '[[11.3006, 2.95], [11.3573, 4.76]]' }
data_points: [[11.3006, 2.95], [11.3573, 4.76]]
{ data_points: '[[11.4113, 6.54], [11.4659, 6.74]]' }
data_points: [[11.4113, 6.54], [11.4659, 6.74]]
{ data_points: '[[11.5196, 6.47], [11.577, 4.37]]' }
data_points: [[11.5196, 6.47], [11.577, 4.37]]
{ data_points: '[[11.631, 2.41], [11.6903, 0.47]]' }
data_points: [[11.631, 2.41], [11.6903, 0.47]]
{ status_msg: 
   { capno: 21.92768800762498,
     rate: 91,
     depth: 6.146,
     time: 11.7488 } }
status:  { capno: 21.92768800762498,
  rate: 91,
  depth: 6.146,
  time: 11.7488 }
{ data_points: '[[11.7488, 0.16]]' }
data_points: [[11.7488, 0.16]]
{ data_points: '[[11.9331, 1.13]]' }
data_points: [[11.9331, 1.13]]
{ data_points: '[[11.9877, 3.91], [12.0518, 6.68]]' }
data_points: [[11.9877, 3.91], [12.0518, 6.68]]
{ data_points: '[[12.1056, 6.96], [12.1626, 5.96]]' }
data_points: [[12.1056, 6.96], [12.1626, 5.96]]
{ data_points: '[[12.2168, 3.52], [12.2743, 1.3]]' }
data_points: [[12.2168, 3.52], [12.2743, 1.3]]
{ data_points: '[[12.3281, 0.16]]' }
data_points: [[12.3281, 0.16]]
{ data_points: '[[12.4966, 0.76]]' }
data_points: [[12.4966, 0.76]]
{ data_points: '[[12.5509, 3.24], [12.6079, 6.06]]' }
data_points: [[12.5509, 3.24], [12.6079, 6.06]]
{ status_msg: 
   { capno: 21.709628101583164,
     rate: 90,
     depth: 6.199,
     time: 12.7207 } }
status:  { capno: 21.709628101583164,
  rate: 90,
  depth: 6.199,
  time: 12.7207 }
{ data_points: '[[12.6634, 6.28], [12.7207, 4.62]]' }
data_points: [[12.6634, 6.28], [12.7207, 4.62]]
{ data_points: '[[12.7874, 2.84], [12.8422, 1.26]]' }
data_points: [[12.7874, 2.84], [12.8422, 1.26]]
{ data_points: '[[12.8958, 0.16]]' }
data_points: [[12.8958, 0.16]]
{ data_points: '[[13.0099, 0.35], [13.0667, 1.48]]' }
data_points: [[13.0099, 0.35], [13.0667, 1.48]]
{ data_points: '[[13.1202, 2.83], [13.1803, 5.52]]' }
data_points: [[13.1202, 2.83], [13.1803, 5.52]]
{ data_points: '[[13.2342, 7.24], [13.2955, 6.22]]' }
data_points: [[13.2342, 7.24], [13.2955, 6.22]]
{ data_points: '[[13.3543, 3.56], [13.4149, 1.4]]' }
data_points: [[13.3543, 3.56], [13.4149, 1.4]]
{ data_points: '[[13.4687, 0.16]]' }
data_points: [[13.4687, 0.16]]
{ data_points: '[[13.6366, 0.86]]' }
data_points: [[13.6366, 0.86]]
{ status_msg: 
   { capno: 21.561176017043795,
     rate: 91,
     depth: 6.626,
     time: 13.6908 } }
status:  { capno: 21.561176017043795,
  rate: 91,
  depth: 6.626,
  time: 13.6908 }
{ data_points: '[[13.6908, 4.93], [13.7684, 7.72]]' }
data_points: [[13.6908, 4.93], [13.7684, 7.72]]
{ data_points: '[[13.8243, 7.16], [13.8815, 4.38]]' }
data_points: [[13.8243, 7.16], [13.8815, 4.38]]
{ data_points: '[[13.9354, 1.97], [13.9964, 0.21]]' }
data_points: [[13.9354, 1.97], [13.9964, 0.21]]
{ data_points: '[]' }
data_points: []
{ data_points: '[[14.2206, 1.19]]' }
data_points: [[14.2206, 1.19]]
{ data_points: '[[14.2741, 3.78], [14.3303, 6.35]]' }
data_points: [[14.2741, 3.78], [14.3303, 6.35]]
{ data_points: '[[14.3841, 7.22], [14.4454, 6.22]]' }
data_points: [[14.3841, 7.22], [14.4454, 6.22]]
{ data_points: '[[14.5013, 3.48], [14.5625, 1.47]]' }
data_points: [[14.5013, 3.48], [14.5625, 1.47]]
{ status_msg: 
   { capno: 20.927689693512416,
     rate: 105,
     depth: 6.799,
     time: 14.671 } }
status:  { capno: 20.927689693512416,
  rate: 105,
  depth: 6.799,
  time: 14.671 }
{ data_points: '[[14.616, 0.16]]' }
data_points: [[14.616, 0.16]]
{ data_points: '[[14.739, 0.29], [14.7939, 1.18]]' }
data_points: [[14.739, 0.29], [14.7939, 1.18]]
{ data_points: '[[14.8477, 2.52], [14.9062, 5.09]]' }
data_points: [[14.8477, 2.52], [14.9062, 5.09]]
{ data_points: '[[14.9612, 7.6], [15.0178, 7.31]]' }
data_points: [[14.9612, 7.6], [15.0178, 7.31]]
{ data_points: '[[15.0723, 5.38], [15.1306, 2.58]]' }
data_points: [[15.0723, 5.38], [15.1306, 2.58]]
{ data_points: '[[15.1842, 0.16]]' }
data_points: [[15.1842, 0.16]]
{ data_points: '[[15.3612, 0.28]]' }
data_points: [[15.3612, 0.28]]
{ data_points: '[[15.4152, 3.22], [15.4748, 6.69]]' }
data_points: [[15.4152, 3.22], [15.4748, 6.69]]
{ data_points: '[[15.5292, 7.71], [15.5892, 7.05]]' }
data_points: [[15.5292, 7.71], [15.5892, 7.05]]
{ status_msg: 
   { capno: 20.238779169794853,
     rate: 111,
     depth: 7.088,
     time: 15.6433 } }
status:  { capno: 20.238779169794853,
  rate: 111,
  depth: 7.088,
  time: 15.6433 }
{ data_points: '[[15.6433, 1.41]]' }
data_points: [[15.6433, 1.41]]
{ data_points: '[[15.7646, 0.16]]' }
data_points: [[15.7646, 0.16]]
{ data_points: '[[15.9473, 2.14]]' }
data_points: [[15.9473, 2.14]]
{ data_points: '[[16.0015, 5.01], [16.0627, 7.19]]' }
data_points: [[16.0015, 5.01], [16.0627, 7.19]]
{ data_points: '[[16.1164, 7.66], [16.1712, 7.49]]' }
data_points: [[16.1164, 7.66], [16.1712, 7.49]]
{ data_points: '[[16.2251, 5.39], [16.28, 3.04]]' }
data_points: [[16.2251, 5.39], [16.28, 3.04]]
{ data_points: '[[16.3339, 1.24], [16.3938, 0.16]]' }
data_points: [[16.3339, 1.24], [16.3938, 0.16]]
{ data_points: '[]' }
data_points: []
{ status_msg: 
   { capno: 19.770929909956074,
     rate: 103,
     depth: 7.192,
     time: 16.6136 } }
status:  { capno: 19.770929909956074,
  rate: 103,
  depth: 7.192,
  time: 16.6136 }
{ data_points: '[[16.6136, 0.95]]' }
data_points: [[16.6136, 0.95]]
{ data_points: '[[16.69, 2.9], [16.7447, 6.15]]' }
data_points: [[16.69, 2.9], [16.7447, 6.15]]
{ data_points: '[[16.7988, 6.6], [16.8588, 6.66]]' }
data_points: [[16.7988, 6.6], [16.8588, 6.66]]
{ data_points: '[[16.9719, 5.06]]' }
data_points: [[16.9719, 5.06]]
{ data_points: '[[17.0261, 2.65], [17.085, 0.52]]' }
data_points: [[17.0261, 2.65], [17.085, 0.52]]
{ data_points: '[[17.1388, 0.16]]' }
data_points: [[17.1388, 0.16]]
{ data_points: '[]' }
data_points: []
{ data_points: '[[17.3584, 0.85], [17.418, 3.23]]' }
data_points: [[17.3584, 0.85], [17.418, 3.23]]
{ data_points: '[[17.4715, 6.12], [17.5279, 6.85]]' }
data_points: [[17.4715, 6.12], [17.5279, 6.85]]
{ status_msg: 
   { capno: 19.597892072918377,
     rate: 91,
     depth: 7.228,
     time: 17.582 } }
status:  { capno: 19.597892072918377,
  rate: 91,
  depth: 7.228,
  time: 17.582 }
{ data_points: '[[17.582, 6.51], [17.6694, 5.16]]' }
data_points: [[17.582, 6.51], [17.6694, 5.16]]
{ data_points: '[[17.7249, 3.36], [17.7814, 1.73]]' }
data_points: [[17.7249, 3.36], [17.7814, 1.73]]
{ data_points: '[[17.8351, 0.44], [17.893, 0.16]]' }
data_points: [[17.8351, 0.44], [17.893, 0.16]]
{ data_points: '[]' }
data_points: []
{ data_points: '[[18.0572, 1.46], [18.1139, 4.02]]' }
data_points: [[18.0572, 1.46], [18.1139, 4.02]]
{ data_points: '[[18.1684, 6.55], [18.2233, 6.95]]' }
data_points: [[18.1684, 6.55], [18.2233, 6.95]]
{ data_points: '[[18.2773, 6.47], [18.3377, 5.04]]' }
data_points: [[18.2773, 6.47], [18.3377, 5.04]]
{ data_points: '[[18.3911, 3.27], [18.4523, 1.65]]' }
data_points: [[18.3911, 3.27], [18.4523, 1.65]]
{ status_msg: 
   { capno: 19.282777228072323,
     rate: 101,
     depth: 7.189,
     time: 18.5665 } }
status:  { capno: 19.282777228072323,
  rate: 101,
  depth: 7.189,
  time: 18.5665 }
{ data_points: '[[18.5061, 0.16]]' }
data_points: [[18.5061, 0.16]]
{ data_points: '[]' }
data_points: []
{ data_points: '[[18.7423, 0.71], [18.7992, 2.5]]' }
data_points: [[18.7423, 0.71], [18.7992, 2.5]]
{ data_points: '[[18.8529, 4.51], [18.9076, 6.88]]' }
data_points: [[18.8529, 4.51], [18.9076, 6.88]]
{ data_points: '[[18.9616, 7.26], [19.0204, 6.99]]' }
data_points: [[18.9616, 7.26], [19.0204, 6.99]]
{ data_points: '[[19.0748, 5.24], [19.131, 3.19]]' }
data_points: [[19.0748, 5.24], [19.131, 3.19]]
{ data_points: '[[19.1847, 1.48], [19.2428, 0.16]]' }
data_points: [[19.1847, 1.48], [19.2428, 0.16]]
{ data_points: '[]' }
data_points: []
{ data_points: '[[19.4678, 1.31]]' }
data_points: [[19.4678, 1.31]]
{ status_msg: 
   { capno: 18.940779594485488,
     rate: 90,
     depth: 7.292,
     time: 19.5245 } }
status:  { capno: 18.940779594485488,
  rate: 90,
  depth: 7.292,
  time: 19.5245 }
{ data_points: '[[19.5245, 4.95], [19.6057, 6.6]]' }
data_points: [[19.5245, 4.95], [19.6057, 6.6]]
{ data_points: '[[19.6603, 6.46], [19.717, 5.6]]' }
data_points: [[19.6603, 6.46], [19.717, 5.6]]
{ data_points: '[[19.7706, 3.52], [19.8303, 1.99]]' }
data_points: [[19.7706, 3.52], [19.8303, 1.99]]
{ data_points: '[[19.8841, 0.32], [19.9443, 0.16]]' }
data_points: [[19.8841, 0.32], [19.9443, 0.16]]
{ data_points: '[]' }
data_points: []
{ data_points: '[[20.168, 0.76]]' }
data_points: [[20.168, 0.76]]
{ data_points: '[[20.2221, 2.06], [20.28, 3.48]]' }
data_points: [[20.2221, 2.06], [20.28, 3.48]]
{ data_points: '[[20.3339, 4.33], [20.3913, 5.54]]' }
data_points: [[20.3339, 4.33], [20.3913, 5.54]]
{ status_msg: 
   { capno: 18.791700034090937,
     rate: 81,
     depth: 7.161,
     time: 20.5107 } }
status:  { capno: 18.791700034090937,
  rate: 81,
  depth: 7.161,
  time: 20.5107 }
{ data_points: '[[20.4481, 6.64], [20.5107, 4.45]]' }
data_points: [[20.4481, 6.64], [20.5107, 4.45]]
{ data_points: '[[20.5939, 2.6], [20.6548, 0.79]]' }
data_points: [[20.5939, 2.6], [20.6548, 0.79]]
{ data_points: '[[20.7159, 0.16]]' }
data_points: [[20.7159, 0.16]]
{ data_points: '[[20.9156, 0.84]]' }
data_points: [[20.9156, 0.84]]
{ data_points: '[[20.9679, 2.21], [21.0204, 3.65]]' }
data_points: [[20.9679, 2.21], [21.0204, 3.65]]
{ data_points: '[[21.0742, 4.62], [21.127, 5.94]]' }
data_points: [[21.0742, 4.62], [21.127, 5.94]]
{ data_points: '[[21.1791, 6.94], [21.2321, 6.45]]' }
data_points: [[21.1791, 6.94], [21.2321, 6.45]]
{ data_points: '[[21.2849, 4.53], [21.338, 2.73]]' }
data_points: [[21.2849, 4.53], [21.338, 2.73]]
{ data_points: '[[21.3909, 1.29], [21.4439, 0.16]]' }
data_points: [[21.3909, 1.29], [21.4439, 0.16]]
{ status_msg: { capno: 18.49391501898915, rate: 90, depth: 7.03, time: 21.4964 } }
status:  { capno: 18.49391501898915, rate: 90, depth: 7.03, time: 21.4964 }
{ data_points: '[]' }
data_points: []
{ data_points: '[]' }
data_points: []
{ data_points: '[[21.7285, 2.22], [21.7931, 4.02]]' }
data_points: [[21.7285, 2.22], [21.7931, 4.02]]
{ data_points: '[[21.8485, 5.48], [21.9037, 7.25]]' }
data_points: [[21.8485, 5.48], [21.9037, 7.25]]
{ data_points: '[[21.9573, 7.53], [22.0137, 7.35]]' }
data_points: [[21.9573, 7.53], [22.0137, 7.35]]
{ data_points: '[[22.0678, 5.42], [22.1224, 3.69]]' }
data_points: [[22.0678, 5.42], [22.1224, 3.69]]
{ data_points: '[[22.176, 2.14], [22.2325, 0.24]]' }
data_points: [[22.176, 2.14], [22.2325, 0.24]]
{ data_points: '[[22.2862, 0.16]]' }
data_points: [[22.2862, 0.16]]
{ status_msg: { capno: 18.03007821382248, rate: 85, depth: 6.929, time: 22.455 } }
status:  { capno: 18.03007821382248, rate: 85, depth: 6.929, time: 22.455 }
{ data_points: '[[22.455, 1.96]]' }
data_points: [[22.455, 1.96]]
{ data_points: '[[22.5255, 4.15], [22.5821, 6.59]]' }
data_points: [[22.5255, 4.15], [22.5821, 6.59]]
{ data_points: '[[22.6356, 7.78], [22.6918, 7.71]]' }
data_points: [[22.6356, 7.78], [22.6918, 7.71]]
{ data_points: '[[22.7462, 6.81], [22.804, 4.62]]' }
data_points: [[22.7462, 6.81], [22.804, 4.62]]
{ data_points: '[[22.858, 2.82], [22.9143, 0.92]]' }
data_points: [[22.858, 2.82], [22.9143, 0.92]]
{ data_points: '[[22.9682, 0.16]]' }
data_points: [[22.9682, 0.16]]
{ data_points: '[[23.1485, 0.95]]' }
data_points: [[23.1485, 0.95]]
{ data_points: '[[23.2025, 2.44], [23.258, 4.56]]' }
data_points: [[23.2025, 2.44], [23.258, 4.56]]
{ data_points: '[[23.3151, 7.45]]' }
data_points: [[23.3151, 7.45]]
{ status_msg: 
   { capno: 17.559973208492178,
     rate: 81,
     depth: 7.069,
     time: 23.4303 } }
status:  { capno: 17.559973208492178,
  rate: 81,
  depth: 7.069,
  time: 23.4303 }
{ data_points: '[[23.4303, 4.63], [23.5202, 2.62]]' }
data_points: [[23.4303, 4.63], [23.5202, 2.62]]
{ data_points: '[[23.5743, 0.16]]' }
data_points: [[23.5743, 0.16]]
{ data_points: '[]' }
data_points: []
{ data_points: '[[23.8009, 1.01], [23.8558, 3.13]]' }
data_points: [[23.8009, 1.01], [23.8558, 3.13]]
{ data_points: '[[23.908, 5.61], [23.9605, 7.81]]' }
data_points: [[23.908, 5.61], [23.9605, 7.81]]
{ data_points: '[[24.0664, 6.56]]' }
data_points: [[24.0664, 6.56]]
{ data_points: '[[24.1192, 4.2], [24.1722, 1.83]]' }
data_points: [[24.1192, 4.2], [24.1722, 1.83]]
{ data_points: '[[24.2247, 0.16]]' }
data_points: [[24.2247, 0.16]]
{ status_msg: 
   { capno: 16.789227823393695,
     rate: 82,
     depth: 7.251,
     time: 24.3918 } }
status:  { capno: 16.789227823393695,
  rate: 82,
  depth: 7.251,
  time: 24.3918 }
{ data_points: '[]' }
data_points: []
{ data_points: '[[24.4621, 1.96], [24.52, 4.45]]' }
data_points: [[24.4621, 1.96], [24.52, 4.45]]
{ data_points: '[[24.5739, 6.65]]' }
data_points: [[24.5739, 6.65]]
{ data_points: '[[24.6823, 5.21], [24.7426, 3.08]]' }
data_points: [[24.6823, 5.21], [24.7426, 3.08]]
{ data_points: '[[24.7967, 0.49], [24.8543, 0.16]]' }
data_points: [[24.7967, 0.49], [24.8543, 0.16]]
{ data_points: '[]' }
data_points: []
{ data_points: '[[25.0293, 1.1], [25.0879, 2.77]]' }
data_points: [[25.0293, 1.1], [25.0879, 2.77]]
{ data_points: '[[25.1416, 5.03], [25.2019, 6.95]]' }
data_points: [[25.1416, 5.03], [25.2019, 6.95]]
{ data_points: '[[25.3184, 5.61]]' }
data_points: [[25.3184, 5.61]]
{ status_msg: { capno: 16.55017122913004, rate: 92, depth: 7.15, time: 25.3721 } }
status:  { capno: 16.55017122913004, rate: 92, depth: 7.15, time: 25.3721 }
{ data_points: '[[25.3721, 2.51], [25.4476, 0.16]]' }
data_points: [[25.3721, 2.51], [25.4476, 0.16]]
{ data_points: '[]' }
data_points: []
{ data_points: '[[25.6681, 1.04]]' }
data_points: [[25.6681, 1.04]]
{ data_points: '[[25.7231, 3.28], [25.7817, 6.3]]' }
data_points: [[25.7231, 3.28], [25.7817, 6.3]]
{ data_points: '[[25.8423, 7.48], [25.897, 6.97]]' }
data_points: [[25.8423, 7.48], [25.897, 6.97]]
{ data_points: '[[25.9518, 4.84], [26.008, 2.72]]' }
data_points: [[25.9518, 4.84], [26.008, 2.72]]
{ data_points: '[[26.0618, 0.35], [26.1242, 0.16]]' }
data_points: [[26.0618, 0.35], [26.1242, 0.16]]
{ data_points: '[]' }
data_points: []
{ status_msg: 
   { capno: 16.15317685645597,
     rate: 91,
     depth: 7.248,
     time: 26.3516 } }
status:  { capno: 16.15317685645597,
  rate: 91,
  depth: 7.248,
  time: 26.3516 }
{ data_points: '[[26.2915, 1.22], [26.3516, 3.94]]' }
data_points: [[26.2915, 1.22], [26.3516, 3.94]]
{ data_points: '[[26.4206, 7.48], [26.4827, 7.63]]' }
data_points: [[26.4206, 7.48], [26.4827, 7.63]]
{ data_points: '[[26.5364, 6.7], [26.5943, 4.18]]' }
data_points: [[26.5364, 6.7], [26.5943, 4.18]]
{ data_points: '[[26.6481, 2.09], [26.7049, 0.16]]' }
data_points: [[26.6481, 2.09], [26.7049, 0.16]]
{ data_points: '[]' }
data_points: []
{ data_points: '[[26.9285, 1.59]]' }
data_points: [[26.9285, 1.59]]
{ data_points: '[[26.9825, 4.47], [27.0435, 7.09]]' }
data_points: [[26.9825, 4.47], [27.0435, 7.09]]
{ data_points: '[[27.157, 6.9]]' }
data_points: [[27.157, 6.9]]
{ data_points: '[[27.211, 4.68], [27.2726, 2.33]]' }
data_points: [[27.211, 4.68], [27.2726, 2.33]]
{ status_msg: 
   { capno: 15.571268763212874,
     rate: 90,
     depth: 7.374,
     time: 27.3263 } }
status:  { capno: 15.571268763212874,
  rate: 90,
  depth: 7.374,
  time: 27.3263 }
{ data_points: '[[27.3263, 0.16]]' }
data_points: [[27.3263, 0.16]]
{ data_points: '[]' }
data_points: []
{ data_points: '[[27.5741, 2.06], [27.6332, 5.42]]' }
data_points: [[27.5741, 2.06], [27.6332, 5.42]]
{ data_points: '[[27.6868, 7.86], [27.7452, 6.54]]' }
data_points: [[27.6868, 7.86], [27.7452, 6.54]]
{ data_points: '[[27.7991, 3.82], [27.8555, 1.08]]' }
data_points: [[27.7991, 3.82], [27.8555, 1.08]]
{ data_points: '[[27.9106, 0.16]]' }
data_points: [[27.9106, 0.16]]
{ data_points: '[[28.0748, 0.35]]' }
data_points: [[28.0748, 0.35]]
{ data_points: '[[28.1286, 3.11], [28.2014, 7.25]]' }
data_points: [[28.1286, 3.11], [28.2014, 7.25]]
{ status_msg: 
   { capno: 15.072488642007995,
     rate: 90,
     depth: 7.411,
     time: 28.3232 } }
status:  { capno: 15.072488642007995,
  rate: 90,
  depth: 7.411,
  time: 28.3232 }
{ data_points: '[[28.2549, 7.67], [28.3232, 5.16]]' }
data_points: [[28.2549, 7.67], [28.3232, 5.16]]
{ data_points: '[[28.4078, 2.28], [28.4745, 0.16]]' }
data_points: [[28.4078, 2.28], [28.4745, 0.16]]
{ data_points: '[]' }
data_points: []
{ data_points: '[[28.685, 1.16]]' }
data_points: [[28.685, 1.16]]
{ data_points: '[[28.7374, 2.86], [28.7899, 5.35]]' }
data_points: [[28.7374, 2.86], [28.7899, 5.35]]
{ data_points: '[[28.8422, 6.36]]' }
data_points: [[28.8422, 6.36]]
{ data_points: '[[28.9484, 5.04], [29.0024, 2.94]]' }
data_points: [[28.9484, 5.04], [29.0024, 2.94]]
{ data_points: '[[29.0549, 0.78], [29.1079, 0.16]]' }
data_points: [[29.0549, 0.78], [29.1079, 0.16]]
{ data_points: '[]' }
data_points: []
{ status_msg: 
   { capno: 14.706617078449352,
     rate: 103,
     depth: 7.295,
     time: 29.279 } }
status:  { capno: 14.706617078449352,
  rate: 103,
  depth: 7.295,
  time: 29.279 }
{ data_points: '[[29.279, 1.9], [29.3576, 3.71]]' }
data_points: [[29.279, 1.9], [29.3576, 3.71]]
{ data_points: '[[29.4114, 6.36], [29.4727, 6.84]]' }
data_points: [[29.4114, 6.36], [29.4727, 6.84]]
{ data_points: '[[29.526, 5.97], [29.5868, 3.93]]' }
data_points: [[29.526, 5.97], [29.5868, 3.93]]
{ data_points: '[[29.6405, 1.44], [29.7051, 0.16]]' }
data_points: [[29.6405, 1.44], [29.7051, 0.16]]
{ data_points: '[]' }
data_points: []
{ data_points: '[[29.8671, 0.4], [29.9219, 2.67]]' }
data_points: [[29.8671, 0.4], [29.9219, 2.67]]
{ final_stats: 
   { capno: 14.562447313622174,
     rate: '90.0',
     depth: '6.98',
     total_compressions: '45',
     time: '30' } }
final_stats:  { capno: 14.562447313622174,
  rate: '90.0',
  depth: '6.98',
  total_compressions: '45',
  time: '30' }
end of trial
pressed = 0
